[www.blooket.com/blooks.html]
[www.blooket.com/market.html]
[www.blooket.com/stats.html]
[www.blooket.com/create.html]
[www.blooket.com/dashboard.html]
[www.blooket.com/discover.html]
[www.blooket.com/play.html]
[www.blooket.com/settings.html]
[www.blooket.com/logout.html]
[use.fontawesome.com/releases/v5.2.0/css/all.css]
[backblue.gif]
[fade.gif]
[index.html]
[kit.fontawesome.com/984809ea42.js]
[www.blooket.com/vendors_main_493df0b3.27bdc3fdaed158c8ee2429a1.js]
[www.blooket.com/vendors_main_9b1fde68.ae0941fbb1e720fb363c29a1.js]
[www.blooket.com/vendors_main_9b312c24.f4f9dc69a1831047742129a1.js]
[www.blooket.com/vendors_main_9af14bdb.5e52cd0eda983ea309d029a1.js]
[www.blooket.com/vendors_main_74226ea0.5ac1c0c4512fd8e6ac0829a1.js]
[www.blooket.com/vendors_main_67d050cc.095f820ba7661a375c7929a1.js]
[www.blooket.com/vendors_main_1fc0dac4.f41f8e1d549b07f1f66029a1.js]
[www.blooket.com/vendors_main_1d14d743.f740e23dba5c911880fb29a1.js]
[www.blooket.com/vendors_main_5e3bec9d.25869aed5423e614116e29a1.js]
[www.blooket.com/vendors_main_f4101e7e.e7706307536e9719b6ce29a1.js]
[www.blooket.com/vendors_main_b3c4a2ff.08ce531af0640c2d2e6b29a1.js]
[www.blooket.com/vendors_main_34e3d95a.267a2325df527922efd129a1.js]
[www.blooket.com/vendors_main_d5843e86.02273364e98438af4af129a1.js]
[www.blooket.com/vendors_main_e4dfd1bd.cfd400f535f9601b38e329a1.js]
[www.blooket.com/vendors_main_1ae9cb6d.24d1caf9dba5ec89fb1329a1.js]
[www.blooket.com/vendors_main_5fc92716.aec2fc6f879e8c209ab929a1.js]
[www.blooket.com/vendors_main_66828588.b0a0200e282641eae43629a1.js]
[www.blooket.com/vendors_main_51f39457.1cd16014f2a3d4f7c4a329a1.js]
[www.blooket.com/vendors_main_d7b10e15.38803e96f385e82e457b29a1.js]
[www.blooket.com/vendors_main_02b93d76.10eae2a360c7028bc05129a1.js]
[www.blooket.com/vendors_main_a1e73e36.e071f9e4971a99324efd29a1.js]
[www.blooket.com/main_493df0b3.d7a06775228d2b6b1f8929a1.js]
[www.blooket.com/main_81ba8019.80cf68f680e704c1effc29a1.js]
[www.blooket.com/main_793450d6.eb72ef6cc8db6e5c34aa29a1.js]
[www.blooket.com/main_1c7af02f.4258ef7e774aa4874e4a29a1.js]
[www.blooket.com/main_1a38e6d3.b97b289a3d549926342229a1.js]
[www.blooket.com/main_8305be55.b83f33b26618e8ae029c29a1.js]
[www.blooket.com/main_0126a5ed.f6b8790ea8effb21199329a1.js]
[www.blooket.com/main_480989e2.35767a5ea710f5d9836229a1.js]
[www.blooket.com/main_580b9a27.7a6521540c601d75168429a1.js]
[www.blooket.com/main_7fa65134.4ea50676484579eab8d529a1.js]
[www.blooket.com/main_a5f3322b.f80644c9536890e12a8129a1.js]
[www.blooket.com/main_ff6fdbf3.c65e932b041ba4b656fe29a1.js]
[www.blooket.com/main_a26c1284.02c946c91b88e534d24829a1.js]
[www.blooket.com/main_3b95c5e8.94003abd18838c1a915e29a1.js]
[www.blooket.com/main_bfd3548b.0ceb24c5ecebaf5a086429a1.js]
[www.blooket.com/main_65047419.6c43dd1cd7726921788029a1.js]
[www.blooket.com/main_9fe61b85.fefe9b4df100b1bcec1729a1.js]
[www.blooket.com/main_12dce56f.e859d3d78608fa5c822129a1.js]
[www.blooket.com/main_b51798c7.bd917fe9bb24100a1fa129a1.js]
[www.blooket.com/main_e21b2c77.86707ae04c82e1ff544e29a1.js]
[www.blooket.com/blooks.html]
[www.blooket.com/market.html]
[www.blooket.com/stats.html]
[www.blooket.com/create.html]
[www.blooket.com/dashboard.html]
[www.blooket.com/discover.html]
[www.blooket.com/play.html]
[www.blooket.com/settings.html]
[www.blooket.com/logout.html]
[use.fontawesome.com/releases/v5.2.0/css/all.css]
[www.blooket.com/main_ba1ed80d.6eedcdbb1d4d45b76b7929a1.js]
